[ 2017-11-30T14:08:06+08:00 ] 127.0.0.1 /yytx/
INFO: [ app_init ] --START--
INFO: Run Behavior\BuildLiteBehavior [ RunTime:0.000000s ]
INFO: [ app_init ] --END-- [ RunTime:0.004000s ]
INFO: [ app_begin ] --START--
INFO: Run Behavior\ReadHtmlCacheBehavior [ RunTime:0.001000s ]
INFO: [ app_begin ] --END-- [ RunTime:0.001000s ]
NOTIC: [8] Undefined index: agent_id D:\phpStudy\WWW\yytx\Application\Login\Controller\UserController.class.php 第 15 行.

[ 2017-11-30T14:09:06+08:00 ] 127.0.0.1 /yytx/
INFO: [ app_init ] --START--
INFO: Run Behavior\BuildLiteBehavior [ RunTime:0.000000s ]
INFO: [ app_init ] --END-- [ RunTime:0.001000s ]
INFO: [ app_begin ] --START--
INFO: Run Behavior\ReadHtmlCacheBehavior [ RunTime:0.002000s ]
INFO: [ app_begin ] --END-- [ RunTime:0.002000s ]
NOTIC: [8] Undefined index: agent_id D:\phpStudy\WWW\yytx\Application\Login\Controller\UserController.class.php 第 15 行.

[ 2017-11-30T14:09:16+08:00 ] 127.0.0.1 /yytx/
INFO: [ app_init ] --START--
INFO: Run Behavior\BuildLiteBehavior [ RunTime:0.000000s ]
INFO: [ app_init ] --END-- [ RunTime:0.001000s ]
INFO: [ app_begin ] --START--
INFO: Run Behavior\ReadHtmlCacheBehavior [ RunTime:0.001000s ]
INFO: [ app_begin ] --END-- [ RunTime:0.001000s ]
NOTIC: [8] Undefined index: agent_id D:\phpStudy\WWW\yytx\Application\Login\Controller\UserController.class.php 第 15 行.

[ 2017-11-30T14:11:48+08:00 ] 127.0.0.1 /
INFO: [ app_init ] --START--
INFO: Run Behavior\BuildLiteBehavior [ RunTime:0.000000s ]
INFO: [ app_init ] --END-- [ RunTime:0.001000s ]
INFO: [ app_begin ] --START--
INFO: Run Behavior\ReadHtmlCacheBehavior [ RunTime:0.001000s ]
INFO: [ app_begin ] --END-- [ RunTime:0.001000s ]
NOTIC: [8] Undefined index: agent_id D:\phpStudy\WWW\yytx\Application\Login\Controller\UserController.class.php 第 15 行.

[ 2017-11-30T14:32:50+08:00 ] 127.0.0.1 /index.php
INFO: [ app_init ] --START--
INFO: Run Behavior\BuildLiteBehavior [ RunTime:0.000000s ]
INFO: [ app_init ] --END-- [ RunTime:0.001000s ]
INFO: [ app_begin ] --START--
INFO: Run Behavior\ReadHtmlCacheBehavior [ RunTime:0.002000s ]
INFO: [ app_begin ] --END-- [ RunTime:0.003000s ]
NOTIC: [8] Undefined index: agent_id D:\phpStudy\WWW\yytx\Application\Login\Controller\UserController.class.php 第 15 行.
NOTIC: [8] Undefined index: HTTP_USER_AGENT D:\phpStudy\WWW\yytx\Application\Login\Controller\UserController.class.php 第 45 行.

[ 2017-11-30T15:53:08+08:00 ] 127.0.0.1 /index.php
INFO: [ app_init ] --START--
INFO: Run Behavior\BuildLiteBehavior [ RunTime:0.000000s ]
INFO: [ app_init ] --END-- [ RunTime:0.001000s ]
INFO: [ app_begin ] --START--
INFO: Run Behavior\ReadHtmlCacheBehavior [ RunTime:0.001000s ]
INFO: [ app_begin ] --END-- [ RunTime:0.002000s ]
NOTIC: [8] Undefined index: agent_id D:\phpStudy\WWW\yytx\Application\Login\Controller\UserController.class.php 第 15 行.
NOTIC: [8] Undefined index: HTTP_USER_AGENT D:\phpStudy\WWW\yytx\Application\Login\Controller\UserController.class.php 第 45 行.

[ 2017-11-30T17:13:59+08:00 ] 127.0.0.1 /index.php
INFO: [ app_init ] --START--
INFO: Run Behavior\BuildLiteBehavior [ RunTime:0.000000s ]
INFO: [ app_init ] --END-- [ RunTime:0.001000s ]
INFO: [ app_begin ] --START--
INFO: Run Behavior\ReadHtmlCacheBehavior [ RunTime:0.001000s ]
INFO: [ app_begin ] --END-- [ RunTime:0.001000s ]
NOTIC: [8] Undefined index: agent_id D:\phpStudy\WWW\yytx\Application\Login\Controller\UserController.class.php 第 15 行.
NOTIC: [8] Undefined index: HTTP_USER_AGENT D:\phpStudy\WWW\yytx\Application\Login\Controller\UserController.class.php 第 45 行.

[ 2017-11-30T18:37:44+08:00 ] 127.0.0.1 /index.php
INFO: [ app_init ] --START--
INFO: Run Behavior\BuildLiteBehavior [ RunTime:0.000000s ]
INFO: [ app_init ] --END-- [ RunTime:0.001001s ]
INFO: [ app_begin ] --START--
INFO: Run Behavior\ReadHtmlCacheBehavior [ RunTime:0.000000s ]
INFO: [ app_begin ] --END-- [ RunTime:0.001000s ]
NOTIC: [8] Undefined index: agent_id D:\phpStudy\WWW\yytx\Application\Login\Controller\UserController.class.php 第 15 行.
NOTIC: [8] Undefined index: HTTP_USER_AGENT D:\phpStudy\WWW\yytx\Application\Login\Controller\UserController.class.php 第 45 行.

